<?xml version="1.0" encoding="UTF-8"?>
<testng-results skipped="0" failed="0" ignored="0" total="1" passed="1">
  <reporter-output>
  </reporter-output>
  <suite name="Surefire suite" duration-ms="3845" started-at="2023-09-25T19:23:21 IST" finished-at="2023-09-25T19:23:25 IST">
    <groups>
    </groups>
    <test name="Surefire test" duration-ms="3845" started-at="2023-09-25T19:23:21 IST" finished-at="2023-09-25T19:23:25 IST">
      <class name="org.example.SampleTest">
        <test-method status="PASS" signature="setUp()[pri:0, instance:org.example.SampleTest@5b619d14]" name="setUp" is-config="true" duration-ms="2994" started-at="2023-09-25T19:23:21 IST" finished-at="2023-09-25T19:23:24 IST">
          <reporter-output>
          </reporter-output>
        </test-method> <!-- setUp -->
        <test-method status="PASS" signature="test()[pri:0, instance:org.example.SampleTest@5b619d14]" name="test" duration-ms="11" started-at="2023-09-25T19:23:24 IST" finished-at="2023-09-25T19:23:24 IST">
          <reporter-output>
          </reporter-output>
        </test-method> <!-- test -->
        <test-method status="PASS" signature="tearDown()[pri:0, instance:org.example.SampleTest@5b619d14]" name="tearDown" is-config="true" duration-ms="809" started-at="2023-09-25T19:23:24 IST" finished-at="2023-09-25T19:23:25 IST">
          <reporter-output>
          </reporter-output>
        </test-method> <!-- tearDown -->
      </class> <!-- org.example.SampleTest -->
    </test> <!-- Surefire test -->
  </suite> <!-- Surefire suite -->
</testng-results>
