<?xml version="1.0" encoding="UTF-8"?>
<testng-results skipped="0" failed="0" ignored="0" total="1" passed="1">
  <reporter-output>
  </reporter-output>
  <suite name="Surefire suite" duration-ms="16792" started-at="2023-09-22T20:42:39 IST" finished-at="2023-09-22T20:42:56 IST">
    <groups>
    </groups>
    <test name="Surefire test" duration-ms="16792" started-at="2023-09-22T20:42:39 IST" finished-at="2023-09-22T20:42:56 IST">
      <class name="org.example.SampleTest">
        <test-method status="PASS" signature="setUp()[pri:0, instance:org.example.SampleTest@40844aab]" name="setUp" is-config="true" duration-ms="15463" started-at="2023-09-22T20:42:39 IST" finished-at="2023-09-22T20:42:55 IST">
          <reporter-output>
          </reporter-output>
        </test-method> <!-- setUp -->
        <test-method status="PASS" signature="test()[pri:0, instance:org.example.SampleTest@40844aab]" name="test" duration-ms="28" started-at="2023-09-22T20:42:55 IST" finished-at="2023-09-22T20:42:55 IST">
          <reporter-output>
          </reporter-output>
        </test-method> <!-- test -->
        <test-method status="PASS" signature="tearDown()[pri:0, instance:org.example.SampleTest@40844aab]" name="tearDown" is-config="true" duration-ms="1213" started-at="2023-09-22T20:42:55 IST" finished-at="2023-09-22T20:42:56 IST">
          <reporter-output>
          </reporter-output>
        </test-method> <!-- tearDown -->
      </class> <!-- org.example.SampleTest -->
    </test> <!-- Surefire test -->
  </suite> <!-- Surefire suite -->
</testng-results>
